-- The C compiler identification is GNU 11.4.0
-- The CXX compiler identification is GNU 11.4.0
-- Detecting C compiler ABI info
-- Detecting C compiler ABI info - done
-- Check for working C compiler: /usr/bin/cc - skipped
-- Detecting C compile features
-- Detecting C compile features - done
-- Detecting CXX compiler ABI info
-- Detecting CXX compiler ABI info - done
-- Check for working CXX compiler: /usr/bin/c++ - skipped
-- Detecting CXX compile features
-- Detecting CXX compile features - done
-- Found ament_cmake: 1.3.11 (/opt/ros/humble/share/ament_cmake/cmake)
-- Found Python3: /usr/bin/python3 (found version "3.10.12") found components: Interpreter 
-- Found rclcpp: 16.0.11 (/opt/ros/humble/share/rclcpp/cmake)
-- Found rosidl_generator_c: 3.1.6 (/opt/ros/humble/share/rosidl_generator_c/cmake)
-- Found rosidl_adapter: 3.1.6 (/opt/ros/humble/share/rosidl_adapter/cmake)
-- Found rosidl_generator_cpp: 3.1.6 (/opt/ros/humble/share/rosidl_generator_cpp/cmake)
-- Using all available rosidl_typesupport_c: rosidl_typesupport_fastrtps_c;rosidl_typesupport_introspection_c
-- Using all available rosidl_typesupport_cpp: rosidl_typesupport_fastrtps_cpp;rosidl_typesupport_introspection_cpp
-- Found rmw_implementation_cmake: 6.1.2 (/opt/ros/humble/share/rmw_implementation_cmake/cmake)
-- Found rmw_fastrtps_cpp: 6.2.7 (/opt/ros/humble/share/rmw_fastrtps_cpp/cmake)
-- Found OpenSSL: /usr/lib/x86_64-linux-gnu/libcrypto.so (found version "3.0.2")  
-- Found FastRTPS: /opt/ros/humble/include  
-- Using RMW implementation 'rmw_fastrtps_cpp' as default
-- Looking for pthread.h
-- Looking for pthread.h - found
-- Performing Test CMAKE_HAVE_LIBC_PTHREAD
-- Performing Test CMAKE_HAVE_LIBC_PTHREAD - Success
-- Found Threads: TRUE  
-- Found geometry_msgs: 4.2.4 (/opt/ros/humble/share/geometry_msgs/cmake)
-- Found nav_msgs: 4.2.4 (/opt/ros/humble/share/nav_msgs/cmake)
-- Configuring done
-- Generating done
-- Build files have been written to: /root/CrazySim/ros2_ws/src/MultiRobot_Drones/build/reynold_rules
[ 25%] [32mBuilding CXX object CMakeFiles/reynold_rules.dir/src/reynold_rules/reynold_rules_node.cpp.o[0m
[01m[K/root/CrazySim/ros2_ws/src/MultiRobot_Drones/reynold_rules/src/reynold_rules/reynold_rules_node.cpp:[m[K In member function ‘[01m[Kstd::vector<geometry_msgs::msg::Vector3_<std::allocator<void> > > reynold_rules::ReynoldRulesNode::cohesion_rule()[m[K’:
[01m[K/root/CrazySim/ros2_ws/src/MultiRobot_Drones/reynold_rules/src/reynold_rules/reynold_rules_node.cpp:254:1:[m[K [01;35m[Kwarning: [m[Kno return statement in function returning non-void [[01;35m[K]8;;https://gcc.gnu.org/onlinedocs/gcc/Warning-Options.html#index-Wreturn-type-Wreturn-type]8;;[m[K]
  254 | [01;35m[K}[m[K
      | [01;35m[K^[m[K
[01m[K/root/CrazySim/ros2_ws/src/MultiRobot_Drones/reynold_rules/src/reynold_rules/reynold_rules_node.cpp:[m[K In member function ‘[01m[Kstd::vector<geometry_msgs::msg::Vector3_<std::allocator<void> > > reynold_rules::ReynoldRulesNode::avoidance_rule()[m[K’:
[01m[K/root/CrazySim/ros2_ws/src/MultiRobot_Drones/reynold_rules/src/reynold_rules/reynold_rules_node.cpp:520:1:[m[K [01;35m[Kwarning: [m[Kno return statement in function returning non-void [[01;35m[K]8;;https://gcc.gnu.org/onlinedocs/gcc/Warning-Options.html#index-Wreturn-type-Wreturn-type]8;;[m[K]
  520 | [01;35m[K}[m[K
      | [01;35m[K^[m[K
[ 50%] [32m[1mLinking CXX shared library libreynold_rules.so[0m
[ 50%] Built target reynold_rules
[ 75%] [32mBuilding CXX object CMakeFiles/reynold_rules_node.dir/src/reynold_rules_main.cpp.o[0m
[100%] [32m[1mLinking CXX executable reynold_rules_node[0m
[100%] Built target reynold_rules_node
-- Install configuration: ""
-- Installing: /root/CrazySim/ros2_ws/src/MultiRobot_Drones/install/share/reynold_rules/launch
-- Installing: /root/CrazySim/ros2_ws/src/MultiRobot_Drones/install/share/reynold_rules/launch/reynold_rules.launch.py
-- Installing: /root/CrazySim/ros2_ws/src/MultiRobot_Drones/install/share/reynold_rules/config
-- Installing: /root/CrazySim/ros2_ws/src/MultiRobot_Drones/install/share/reynold_rules/config/params.yaml
-- Installing: /root/CrazySim/ros2_ws/src/MultiRobot_Drones/install/lib/libreynold_rules.so
-- Set runtime path of "/root/CrazySim/ros2_ws/src/MultiRobot_Drones/install/lib/libreynold_rules.so" to ""
-- Installing: /root/CrazySim/ros2_ws/src/MultiRobot_Drones/install/lib/reynold_rules/reynold_rules_node
-- Set runtime path of "/root/CrazySim/ros2_ws/src/MultiRobot_Drones/install/lib/reynold_rules/reynold_rules_node" to ""
-- Installing: /root/CrazySim/ros2_ws/src/MultiRobot_Drones/install/share/ament_index/resource_index/package_run_dependencies/reynold_rules
-- Installing: /root/CrazySim/ros2_ws/src/MultiRobot_Drones/install/share/ament_index/resource_index/parent_prefix_path/reynold_rules
-- Installing: /root/CrazySim/ros2_ws/src/MultiRobot_Drones/install/share/reynold_rules/environment/ament_prefix_path.sh
-- Installing: /root/CrazySim/ros2_ws/src/MultiRobot_Drones/install/share/reynold_rules/environment/ament_prefix_path.dsv
-- Installing: /root/CrazySim/ros2_ws/src/MultiRobot_Drones/install/share/reynold_rules/environment/path.sh
-- Installing: /root/CrazySim/ros2_ws/src/MultiRobot_Drones/install/share/reynold_rules/environment/path.dsv
-- Installing: /root/CrazySim/ros2_ws/src/MultiRobot_Drones/install/share/reynold_rules/local_setup.bash
-- Installing: /root/CrazySim/ros2_ws/src/MultiRobot_Drones/install/share/reynold_rules/local_setup.sh
-- Installing: /root/CrazySim/ros2_ws/src/MultiRobot_Drones/install/share/reynold_rules/local_setup.zsh
-- Installing: /root/CrazySim/ros2_ws/src/MultiRobot_Drones/install/share/reynold_rules/local_setup.dsv
-- Installing: /root/CrazySim/ros2_ws/src/MultiRobot_Drones/install/share/reynold_rules/package.dsv
-- Installing: /root/CrazySim/ros2_ws/src/MultiRobot_Drones/install/share/ament_index/resource_index/packages/reynold_rules
-- Installing: /root/CrazySim/ros2_ws/src/MultiRobot_Drones/install/share/reynold_rules/cmake/ament_cmake_export_dependencies-extras.cmake
-- Installing: /root/CrazySim/ros2_ws/src/MultiRobot_Drones/install/share/reynold_rules/cmake/reynold_rulesConfig.cmake
-- Installing: /root/CrazySim/ros2_ws/src/MultiRobot_Drones/install/share/reynold_rules/cmake/reynold_rulesConfig-version.cmake
-- Installing: /root/CrazySim/ros2_ws/src/MultiRobot_Drones/install/share/reynold_rules/package.xml
