[0.009s] Invoking command in '/root/CrazySim/ros2_ws/src/MultiRobot_Drones/build/reynold_rules': CMAKE_PREFIX_PATH=${CMAKE_PREFIX_PATH}:/opt/ros/humble /usr/bin/cmake /root/CrazySim/ros2_ws/src/MultiRobot_Drones/reynold_rules -DCMAKE_INSTALL_PREFIX=/root/CrazySim/ros2_ws/src/MultiRobot_Drones/install
[0.100s] -- The C compiler identification is GNU 11.4.0
[0.155s] -- The CXX compiler identification is GNU 11.4.0
[0.162s] -- Detecting C compiler ABI info
[0.225s] -- Detecting C compiler ABI info - done
[0.244s] -- Check for working C compiler: /usr/bin/cc - skipped
[0.244s] -- Detecting C compile features
[0.245s] -- Detecting C compile features - done
[0.248s] -- Detecting CXX compiler ABI info
[0.318s] -- Detecting CXX compiler ABI info - done
[0.327s] -- Check for working CXX compiler: /usr/bin/c++ - skipped
[0.327s] -- Detecting CXX compile features
[0.328s] -- Detecting CXX compile features - done
[0.334s] -- Found ament_cmake: 1.3.11 (/opt/ros/humble/share/ament_cmake/cmake)
[0.506s] -- Found Python3: /usr/bin/python3 (found version "3.10.12") found components: Interpreter 
[0.592s] -- Found rclcpp: 16.0.11 (/opt/ros/humble/share/rclcpp/cmake)
[0.633s] -- Found rosidl_generator_c: 3.1.6 (/opt/ros/humble/share/rosidl_generator_c/cmake)
[0.637s] -- Found rosidl_adapter: 3.1.6 (/opt/ros/humble/share/rosidl_adapter/cmake)
[0.645s] -- Found rosidl_generator_cpp: 3.1.6 (/opt/ros/humble/share/rosidl_generator_cpp/cmake)
[0.657s] -- Using all available rosidl_typesupport_c: rosidl_typesupport_fastrtps_c;rosidl_typesupport_introspection_c
[0.672s] -- Using all available rosidl_typesupport_cpp: rosidl_typesupport_fastrtps_cpp;rosidl_typesupport_introspection_cpp
[0.717s] -- Found rmw_implementation_cmake: 6.1.2 (/opt/ros/humble/share/rmw_implementation_cmake/cmake)
[0.719s] -- Found rmw_fastrtps_cpp: 6.2.7 (/opt/ros/humble/share/rmw_fastrtps_cpp/cmake)
[0.801s] -- Found OpenSSL: /usr/lib/x86_64-linux-gnu/libcrypto.so (found version "3.0.2")  
[0.830s] -- Found FastRTPS: /opt/ros/humble/include  
[0.875s] -- Using RMW implementation 'rmw_fastrtps_cpp' as default
[0.883s] -- Looking for pthread.h
[0.946s] -- Looking for pthread.h - found
[0.946s] -- Performing Test CMAKE_HAVE_LIBC_PTHREAD
[1.009s] -- Performing Test CMAKE_HAVE_LIBC_PTHREAD - Success
[1.010s] -- Found Threads: TRUE  
[1.061s] -- Found geometry_msgs: 4.2.4 (/opt/ros/humble/share/geometry_msgs/cmake)
[1.075s] -- Found nav_msgs: 4.2.4 (/opt/ros/humble/share/nav_msgs/cmake)
[1.157s] -- Configuring done
[1.170s] -- Generating done
[1.175s] -- Build files have been written to: /root/CrazySim/ros2_ws/src/MultiRobot_Drones/build/reynold_rules
[1.182s] Invoked command in '/root/CrazySim/ros2_ws/src/MultiRobot_Drones/build/reynold_rules' returned '0': CMAKE_PREFIX_PATH=${CMAKE_PREFIX_PATH}:/opt/ros/humble /usr/bin/cmake /root/CrazySim/ros2_ws/src/MultiRobot_Drones/reynold_rules -DCMAKE_INSTALL_PREFIX=/root/CrazySim/ros2_ws/src/MultiRobot_Drones/install
[1.184s] Invoking command in '/root/CrazySim/ros2_ws/src/MultiRobot_Drones/build/reynold_rules': CMAKE_PREFIX_PATH=${CMAKE_PREFIX_PATH}:/opt/ros/humble /usr/bin/cmake --build /root/CrazySim/ros2_ws/src/MultiRobot_Drones/build/reynold_rules -- -j8 -l8
[1.226s] [ 25%] [32mBuilding CXX object CMakeFiles/reynold_rules.dir/src/reynold_rules/reynold_rules_node.cpp.o[0m
[3.576s] [01m[K/root/CrazySim/ros2_ws/src/MultiRobot_Drones/reynold_rules/src/reynold_rules/reynold_rules_node.cpp:[m[K In member function ‘[01m[Kstd::vector<geometry_msgs::msg::Vector3_<std::allocator<void> > > reynold_rules::ReynoldRulesNode::cohesion_rule()[m[K’:
[3.576s] [01m[K/root/CrazySim/ros2_ws/src/MultiRobot_Drones/reynold_rules/src/reynold_rules/reynold_rules_node.cpp:254:1:[m[K [01;35m[Kwarning: [m[Kno return statement in function returning non-void [[01;35m[K]8;;https://gcc.gnu.org/onlinedocs/gcc/Warning-Options.html#index-Wreturn-type-Wreturn-type]8;;[m[K]
[3.576s]   254 | [01;35m[K}[m[K
[3.576s]       | [01;35m[K^[m[K
[3.612s] [01m[K/root/CrazySim/ros2_ws/src/MultiRobot_Drones/reynold_rules/src/reynold_rules/reynold_rules_node.cpp:[m[K In member function ‘[01m[Kstd::vector<geometry_msgs::msg::Vector3_<std::allocator<void> > > reynold_rules::ReynoldRulesNode::avoidance_rule()[m[K’:
[3.612s] [01m[K/root/CrazySim/ros2_ws/src/MultiRobot_Drones/reynold_rules/src/reynold_rules/reynold_rules_node.cpp:520:1:[m[K [01;35m[Kwarning: [m[Kno return statement in function returning non-void [[01;35m[K]8;;https://gcc.gnu.org/onlinedocs/gcc/Warning-Options.html#index-Wreturn-type-Wreturn-type]8;;[m[K]
[3.612s]   520 | [01;35m[K}[m[K
[3.612s]       | [01;35m[K^[m[K
[13.103s] [ 50%] [32m[1mLinking CXX shared library libreynold_rules.so[0m
[13.733s] [ 50%] Built target reynold_rules
[13.752s] [ 75%] [32mBuilding CXX object CMakeFiles/reynold_rules_node.dir/src/reynold_rules_main.cpp.o[0m
[16.525s] [100%] [32m[1mLinking CXX executable reynold_rules_node[0m
[16.749s] [100%] Built target reynold_rules_node
[16.760s] Invoked command in '/root/CrazySim/ros2_ws/src/MultiRobot_Drones/build/reynold_rules' returned '0': CMAKE_PREFIX_PATH=${CMAKE_PREFIX_PATH}:/opt/ros/humble /usr/bin/cmake --build /root/CrazySim/ros2_ws/src/MultiRobot_Drones/build/reynold_rules -- -j8 -l8
[16.770s] Invoking command in '/root/CrazySim/ros2_ws/src/MultiRobot_Drones/build/reynold_rules': CMAKE_PREFIX_PATH=${CMAKE_PREFIX_PATH}:/opt/ros/humble /usr/bin/cmake --install /root/CrazySim/ros2_ws/src/MultiRobot_Drones/build/reynold_rules
[16.777s] -- Install configuration: ""
[16.777s] -- Installing: /root/CrazySim/ros2_ws/src/MultiRobot_Drones/install/share/reynold_rules/launch
[16.777s] -- Installing: /root/CrazySim/ros2_ws/src/MultiRobot_Drones/install/share/reynold_rules/launch/reynold_rules.launch.py
[16.777s] -- Installing: /root/CrazySim/ros2_ws/src/MultiRobot_Drones/install/share/reynold_rules/config
[16.777s] -- Installing: /root/CrazySim/ros2_ws/src/MultiRobot_Drones/install/share/reynold_rules/config/params.yaml
[16.777s] -- Installing: /root/CrazySim/ros2_ws/src/MultiRobot_Drones/install/lib/libreynold_rules.so
[16.786s] -- Set runtime path of "/root/CrazySim/ros2_ws/src/MultiRobot_Drones/install/lib/libreynold_rules.so" to ""
[16.786s] -- Installing: /root/CrazySim/ros2_ws/src/MultiRobot_Drones/install/lib/reynold_rules/reynold_rules_node
[16.787s] -- Set runtime path of "/root/CrazySim/ros2_ws/src/MultiRobot_Drones/install/lib/reynold_rules/reynold_rules_node" to ""
[16.787s] -- Installing: /root/CrazySim/ros2_ws/src/MultiRobot_Drones/install/share/ament_index/resource_index/package_run_dependencies/reynold_rules
[16.787s] -- Installing: /root/CrazySim/ros2_ws/src/MultiRobot_Drones/install/share/ament_index/resource_index/parent_prefix_path/reynold_rules
[16.787s] -- Installing: /root/CrazySim/ros2_ws/src/MultiRobot_Drones/install/share/reynold_rules/environment/ament_prefix_path.sh
[16.787s] -- Installing: /root/CrazySim/ros2_ws/src/MultiRobot_Drones/install/share/reynold_rules/environment/ament_prefix_path.dsv
[16.787s] -- Installing: /root/CrazySim/ros2_ws/src/MultiRobot_Drones/install/share/reynold_rules/environment/path.sh
[16.788s] -- Installing: /root/CrazySim/ros2_ws/src/MultiRobot_Drones/install/share/reynold_rules/environment/path.dsv
[16.788s] -- Installing: /root/CrazySim/ros2_ws/src/MultiRobot_Drones/install/share/reynold_rules/local_setup.bash
[16.788s] -- Installing: /root/CrazySim/ros2_ws/src/MultiRobot_Drones/install/share/reynold_rules/local_setup.sh
[16.788s] -- Installing: /root/CrazySim/ros2_ws/src/MultiRobot_Drones/install/share/reynold_rules/local_setup.zsh
[16.788s] -- Installing: /root/CrazySim/ros2_ws/src/MultiRobot_Drones/install/share/reynold_rules/local_setup.dsv
[16.788s] -- Installing: /root/CrazySim/ros2_ws/src/MultiRobot_Drones/install/share/reynold_rules/package.dsv
[16.789s] -- Installing: /root/CrazySim/ros2_ws/src/MultiRobot_Drones/install/share/ament_index/resource_index/packages/reynold_rules
[16.789s] -- Installing: /root/CrazySim/ros2_ws/src/MultiRobot_Drones/install/share/reynold_rules/cmake/ament_cmake_export_dependencies-extras.cmake
[16.789s] -- Installing: /root/CrazySim/ros2_ws/src/MultiRobot_Drones/install/share/reynold_rules/cmake/reynold_rulesConfig.cmake
[16.789s] -- Installing: /root/CrazySim/ros2_ws/src/MultiRobot_Drones/install/share/reynold_rules/cmake/reynold_rulesConfig-version.cmake
[16.789s] -- Installing: /root/CrazySim/ros2_ws/src/MultiRobot_Drones/install/share/reynold_rules/package.xml
[16.791s] Invoked command in '/root/CrazySim/ros2_ws/src/MultiRobot_Drones/build/reynold_rules' returned '0': CMAKE_PREFIX_PATH=${CMAKE_PREFIX_PATH}:/opt/ros/humble /usr/bin/cmake --install /root/CrazySim/ros2_ws/src/MultiRobot_Drones/build/reynold_rules
